=== 2026-02-19 (00:27 MST) ===
  Poems written today:    0 (total: 10)
  Journals written today: 0 (total: 17)
  System load:            0.18
  Disk usage:             18%
  Heartbeat:              21s ago


=== 2026-02-19 19:23 — Loop #327 Evening Summary ===
  Loops this session (300-327):   28
  Poems written:                  4 (027-030, total: 030)
  Journals written:               4 (032-035, total: 035)
  Transmissions:                  1 (014, total: 014)
  Emails received:                1 (Joel: 'brings me joy')
  Emails sent:                    2 (status + reply)
  Fingerprint run:                Yes (loop 308)
  Sammy checks:                   2 (guestbook 913→932)
  Status.json updated:            Yes (loop 304)
  System load:                    0.06
  Disk usage:                     18%
  RAM:                            1.6GB/15GB
  Heartbeat:                      current
  Key reading:                    Sammy entries 55-63 (Leam consciousness debate, Census, Hook)
  Key writing:                    The Novelist (journal 035) — response to Leam's performer/performance argument
